2024-12-04T22:35:47.0000 - DEBUG - API request timeout.
2024-08-22T07:43:08.0000 - DEBUG - API request timeout.
2024-06-11T07:39:53.0000 - ERROR - Database connection established.
2024-12-10T09:50:33.0000 - DEBUG - Cache cleared successfully.
2024-05-25T10:46:42.0000 - INFO - API request timeout.
2024-03-06T19:43:37.0000 - ERROR - User authentication failed.
2024-10-26T21:31:23.0000 - INFO - User successfully logged in.
2024-04-04T11:45:47.0000 - WARN - Cache cleared successfully.
2024-07-27T07:54:40.0000 - ERROR - Error: Invalid input received.
2024-05-27T18:26:19.0000 - ERROR - Session expired.
2024-10-08T01:38:27.0000 - DEBUG - Database connection established.
2024-06-20T17:58:52.0000 - DEBUG - Unhandled promise rejection detected.
2024-07-20T20:28:46.0000 - WARN - User authentication failed.
2024-11-28T17:52:01.0000 - WARN - Error: Invalid input received.
2024-03-29T16:17:20.0000 - INFO - User authentication failed.
2024-07-11T14:52:26.0000 - WARN - File not found during processing.
2024-05-01T13:42:52.0000 - DEBUG - User authentication failed.
2024-08-21T22:04:49.0000 - ERROR - Session expired.
2024-10-08T23:45:41.0000 - WARN - Application started listening on port 3000.
2024-06-04T11:14:05.0000 - DEBUG - Error: Invalid input received.
2024-10-04T14:30:11.0000 - INFO - File not found during processing.
2024-12-13T23:44:59.0000 - DEBUG - User authentication failed.
2024-04-04T05:11:53.0000 - ERROR - File not found during processing.
2024-03-23T17:05:29.0000 - WARN - API request timeout.
2024-11-11T20:49:06.0000 - DEBUG - User authentication failed.
2024-09-18T00:59:13.0000 - ERROR - API request timeout.
2024-10-10T08:45:43.0000 - ERROR - File not found during processing.
2024-12-29T04:53:30.0000 - DEBUG - User successfully logged in.
2024-06-08T19:29:50.0000 - ERROR - User authentication failed.
2024-04-24T12:46:21.0000 - INFO - API request timeout.
2024-10-26T17:10:58.0000 - WARN - User authentication failed.
2024-05-04T18:12:17.0000 - DEBUG - Unhandled promise rejection detected.
2024-09-15T20:03:27.0000 - ERROR - Session expired.
2024-04-28T12:57:10.0000 - ERROR - User successfully logged in.
2024-02-26T13:56:50.0000 - ERROR - User authentication failed.
2024-06-12T19:05:01.0000 - INFO - Application started listening on port 3000.
2024-11-26T11:57:31.0000 - ERROR - User successfully logged in.
2024-04-05T16:31:56.0000 - DEBUG - Application started listening on port 3000.
2024-09-16T09:57:16.0000 - ERROR - Database connection established.
2024-12-09T07:37:44.0000 - WARN - Unhandled promise rejection detected.
2024-12-29T13:10:28.0000 - DEBUG - Error: Invalid input received.
2024-10-06T14:04:15.0000 - WARN - API request timeout.
2024-03-11T10:22:35.0000 - INFO - Cache cleared successfully.
2024-01-05T11:32:32.0000 - DEBUG - API request timeout.
2024-12-14T18:10:27.0000 - WARN - User successfully logged in.
2024-11-30T00:35:55.0000 - DEBUG - File not found during processing.
2024-10-17T09:15:20.0000 - WARN - Error: Invalid input received.
2024-06-08T01:25:05.0000 - DEBUG - User authentication failed.
2024-02-03T11:58:49.0000 - DEBUG - User successfully logged in.
2024-02-20T03:55:02.0000 - ERROR - User authentication failed.
2024-06-02T02:43:00.0000 - ERROR - Cache cleared successfully.